Setup LED an buzzer outputs
Port name: /dev/ttyUSB0
Starting at:  2014-09-08 21:27:25
09/08-21:27 : You have 2 new emails! Last:  0
vfdOut: sending: Subj: Huge Savings on Predator Generators | Save up to $800 on Award Winning Quality Generators | Plus 20 Super Coupons
vfdOut: sending: Subj: Sherrie Fuller Dobbie (friends with Colleen Crawford-Steinbeiser) commented on a photo that you're t...
09/08-21:28 : You have 3 new emails! Last:  2
vfdOut: sending: Subj: Diane Steinbeiser also commented on Mariel Steinbeiser's photo.
vfdOut: sending: Subj: Huge Savings on Predator Generators | Save up to $800 on Award Winning Quality Generators | Plus 20 Super Coupons
vfdOut: sending: Subj: Sherrie Fuller Dobbie (friends with Colleen Crawford-Steinbeiser) commented on a photo that you're t...
09/08-22:02 : You have 4 new emails! Last:  3
vfdOut: sending: Subj: Webpage update
vfdOut: sending: Subj: Diane Steinbeiser also commented on Mariel Steinbeiser's photo.
vfdOut: sending: Subj: Huge Savings on Predator Generators | Save up to $800 on Award Winning Quality Generators | Plus 20 Super Coupons
vfdOut: sending: Subj: Sherrie Fuller Dobbie (friends with Colleen Crawford-Steinbeiser) commented on a photo that you're t...
Setup LED an buzzer outputs
Port name: /dev/ttyUSB0
Starting at:  2014-09-09 21:38:08
09/09-21:38 : You have 2 new emails! Last:  0
vfdOut: sending: Subj: Falls Lake Workday - September 27, 2014
vfdOut: sending: Subj: Together, let's help end childhood hunger.
09/09-21:55 : You have 3 new emails! Last:  2
vfdOut: sending: Subj: Google Alert - Counter depth site:raleigh.craigslist.org
vfdOut: sending: Subj: Falls Lake Workday - September 27, 2014
vfdOut: sending: Subj: Together, let's help end childhood hunger.
09/10-01:08 : You have 4 new emails! Last:  3
vfdOut: sending: Subj: Sonia Kane's invitation is waiting for your response
vfdOut: sending: Subj: Google Alert - Counter depth site:raleigh.craigslist.org
vfdOut: sending: Subj: Falls Lake Workday - September 27, 2014
vfdOut: sending: Subj: Together, let's help end childhood hunger.
09/10-03:20 : You have 5 new emails! Last:  4
vfdOut: sending: Subj: Congratulate Michael Austin, John Perlin, and 2 others
vfdOut: sending: Subj: Sonia Kane's invitation is waiting for your response
vfdOut: sending: Subj: Google Alert - Counter depth site:raleigh.craigslist.org
vfdOut: sending: Subj: Falls Lake Workday - September 27, 2014
vfdOut: sending: Subj: Together, let's help end childhood hunger.
09/10-06:34 : You have 6 new emails! Last:  5
vfdOut: sending: Subj: SHIPPED: VST29(HDMI+AV+VGA) LVDS Inverter LCD Driver Board Kit + ...
vfdOut: sending: Subj: Congratulate Michael Austin, John Perlin, and 2 others
vfdOut: sending: Subj: Sonia Kane's invitation is waiting for your response
vfdOut: sending: Subj: Google Alert - Counter depth site:raleigh.craigslist.org
vfdOut: sending: Subj: Falls Lake Workday - September 27, 2014
vfdOut: sending: Subj: Together, let's help end childhood hunger.
09/10-06:37 : You have 7 new emails! Last:  6
vfdOut: sending: Subj: Your item has been shipped by e-qstore. TITLE " VST29(HDMI+AV+VGA) LVDS Inverter LCD Driver Board Kit + Programmable USB input "
vfdOut: sending: Subj: SHIPPED: VST29(HDMI+AV+VGA) LVDS Inverter LCD Driver Board Kit + ...
vfdOut: sending: Subj: Congratulate Michael Austin, John Perlin, and 2 others
vfdOut: sending: Subj: Sonia Kane's invitation is waiting for your response
vfdOut: sending: Subj: Google Alert - Counter depth site:raleigh.craigslist.org
vfdOut: sending: Subj: Falls Lake Workday - September 27, 2014
vfdOut: sending: Subj: Together, let's help end childhood hunger.
09/10-09:21 : You have 8 new emails! Last:  7
vfdOut: sending: Subj: Puerto Rican Lunch or Dinner
vfdOut: sending: Subj: Your item has been shipped by e-qstore. TITLE " VST29(HDMI+AV+VGA) LVDS Inverter LCD Driver Board Kit + Programmable USB input "
vfdOut: sending: Subj: SHIPPED: VST29(HDMI+AV+VGA) LVDS Inverter LCD Driver Board Kit + ...
vfdOut: sending: Subj: Congratulate Michael Austin, John Perlin, and 2 others
vfdOut: sending: Subj: Sonia Kane's invitation is waiting for your response
vfdOut: sending: Subj: Google Alert - Counter depth site:raleigh.craigslist.org
vfdOut: sending: Subj: Falls Lake Workday - September 27, 2014
vfdOut: sending: Subj: Together, let's help end childhood hunger.
09/10-15:06: URL Open Exception!
09/10-15:06: Feed Parse Exception!
09/10-15:07 : You have 9 new emails! Last:  8
vfdOut: sending: Subj: Fwd: Account form.
vfdOut: sending: Subj: EM Sun 9:30
vfdOut: sending: Subj: Urgent Job Opening with Client NC Department of Transportation(NC-DOT) for " Test Analyst" @ Raleigh,NC
vfdOut: sending: Subj: World Workplace 2014 & Call for Presentations for FF 2015
vfdOut: sending: Subj: Habitat e-Happenings: September 2014
vfdOut: sending: Subj: Puerto Rican Lunch or Dinner
vfdOut: sending: Subj: Congratulate Michael Austin, John Perlin, and 2 others
vfdOut: sending: Subj: Sonia Kane's invitation is waiting for your response
vfdOut: sending: Subj: Together, let's help end childhood hunger.
09/10-15:08 : You have 10 new emails! Last:  9
vfdOut: sending: Subj: , check out Rudy's retirement job
vfdOut: sending: Subj: Fwd: Account form.
vfdOut: sending: Subj: EM Sun 9:30
vfdOut: sending: Subj: Urgent Job Opening with Client NC Department of Transportation(NC-DOT) for " Test Analyst" @ Raleigh,NC
vfdOut: sending: Subj: World Workplace 2014 & Call for Presentations for FF 2015
vfdOut: sending: Subj: Habitat e-Happenings: September 2014
vfdOut: sending: Subj: Puerto Rican Lunch or Dinner
vfdOut: sending: Subj: Congratulate Michael Austin, John Perlin, and 2 others
vfdOut: sending: Subj: Sonia Kane's invitation is waiting for your response
vfdOut: sending: Subj: Together, let's help end childhood hunger.
09/11-06:19 : You have 11 new emails! Last:  10
vfdOut: sending: Subj: SMS from Andy Steinbeiser [(207) 619-2634]
vfdOut: sending: Subj: Congratulate Jeff Allen
vfdOut: sending: Subj: [New announcement] Automated Functional Testing
vfdOut: sending: Subj: Sr. Software Engineer Position- Raleigh, NC job opening - Bob
vfdOut: sending: Subj: Deb Pettit also commented on Mariel Steinbeiser's photo.
vfdOut: sending: Subj: , check out Rudy's retirement job
vfdOut: sending: Subj: Habitat e-Happenings: September 2014
vfdOut: sending: Subj: Puerto Rican Lunch or Dinner
vfdOut: sending: Subj: Congratulate Michael Austin, John Perlin, and 2 others
vfdOut: sending: Subj: Sonia Kane's invitation is waiting for your response
vfdOut: sending: Subj: Together, let's help end childhood hunger.
09/11-06:53 : You have 12 new emails! Last:  11
vfdOut: sending: Subj: SMS from Diane Steinbeiser [(919) 961-2895]
vfdOut: sending: Subj: SMS from Andy Steinbeiser [(207) 619-2634]
vfdOut: sending: Subj: Congratulate Jeff Allen
vfdOut: sending: Subj: [New announcement] Automated Functional Testing
vfdOut: sending: Subj: Sr. Software Engineer Position- Raleigh, NC job opening - Bob
vfdOut: sending: Subj: Deb Pettit also commented on Mariel Steinbeiser's photo.
vfdOut: sending: Subj: , check out Rudy's retirement job
vfdOut: sending: Subj: Habitat e-Happenings: September 2014
vfdOut: sending: Subj: Puerto Rican Lunch or Dinner
vfdOut: sending: Subj: Congratulate Michael Austin, John Perlin, and 2 others
vfdOut: sending: Subj: Sonia Kane's invitation is waiting for your response
vfdOut: sending: Subj: Together, let's help end childhood hunger.
09/11-07:22 : You have 1 new emails! Last:  0
vfdOut: sending: Subj: SMS from Andy Steinbeiser [(207) 619-2634]
09/11-09:04 : You have 1 new emails! Last:  0
vfdOut: sending: Subj: rolling into town...
09/11-09:23 : You have 2 new emails! Last:  1
vfdOut: sending: Subj: ITIL Certification Bundles
vfdOut: sending: Subj: rolling into town...
09/11-11:15 : You have 3 new emails! Last:  2
vfdOut: sending: Subj: Estate Sales Near Raleigh, NC
vfdOut: sending: Subj: Groundblessing E-Invitation
vfdOut: sending: Subj: ITIL Certification Bundles
09/11-14:01 : You have 4 new emails! Last:  3
vfdOut: sending: Subj: Bob, people are looking at your LinkedIn profile
vfdOut: sending: Subj: Google Alert - patio set site:raleigh.craigslist.org
vfdOut: sending: Subj: Introducing Groupon's Fall Shop!
vfdOut: sending: Subj: ITIL Certification Bundles
09/11-14:23 : You have 5 new emails! Last:  4
vfdOut: sending: Subj: My buddy Tim with the dynamic duo
vfdOut: sending: Subj: Bob, people are looking at your LinkedIn profile
vfdOut: sending: Subj: Google Alert - patio set site:raleigh.craigslist.org
vfdOut: sending: Subj: Introducing Groupon's Fall Shop!
vfdOut: sending: Subj: ITIL Certification Bundles
09/11-19:39 : You have 6 new emails! Last:  5
vfdOut: sending: Subj: Chris Gallagher also commented on Mariel Steinbeiser's photo.
vfdOut: sending: Subj: Extra 20% Off Everything You Purchase + New Super Coupons
vfdOut: sending: Subj: Robert, enroll in an IFMA credentials course this fall.
vfdOut: sending: Subj: Bob, people are looking at your LinkedIn profile
vfdOut: sending: Subj: Introducing Groupon's Fall Shop!
vfdOut: sending: Subj: ITIL Certification Bundles
09/11-19:59 : You have 7 new emails! Last:  6
vfdOut: sending: Subj: Bob Rupe also commented on Mariel Steinbeiser's photo.
vfdOut: sending: Subj: Chris Gallagher also commented on Mariel Steinbeiser's photo.
vfdOut: sending: Subj: Extra 20% Off Everything You Purchase + New Super Coupons
vfdOut: sending: Subj: Robert, enroll in an IFMA credentials course this fall.
vfdOut: sending: Subj: Bob, people are looking at your LinkedIn profile
vfdOut: sending: Subj: Introducing Groupon's Fall Shop!
vfdOut: sending: Subj: ITIL Certification Bundles
09/11-20:02 : You have 8 new emails! Last:  7
vfdOut: sending: Subj: You are invited to the St. Francis of Assisi Wedding Anniversary Mass!
vfdOut: sending: Subj: Bob Rupe also commented on Mariel Steinbeiser's photo.
vfdOut: sending: Subj: Chris Gallagher also commented on Mariel Steinbeiser's photo.
vfdOut: sending: Subj: Extra 20% Off Everything You Purchase + New Super Coupons
vfdOut: sending: Subj: Robert, enroll in an IFMA credentials course this fall.
vfdOut: sending: Subj: Bob, people are looking at your LinkedIn profile
vfdOut: sending: Subj: Introducing Groupon's Fall Shop!
vfdOut: sending: Subj: ITIL Certification Bundles
09/11-20:37 : You have 9 new emails! Last:  8
vfdOut: sending: Subj: Quick tips for Wi-Fi
vfdOut: sending: Subj: You are invited to the St. Francis of Assisi Wedding Anniversary Mass!
vfdOut: sending: Subj: Bob Rupe also commented on Mariel Steinbeiser's photo.
vfdOut: sending: Subj: Chris Gallagher also commented on Mariel Steinbeiser's photo.
vfdOut: sending: Subj: Extra 20% Off Everything You Purchase + New Super Coupons
vfdOut: sending: Subj: Robert, enroll in an IFMA credentials course this fall.
vfdOut: sending: Subj: Bob, people are looking at your LinkedIn profile
vfdOut: sending: Subj: Introducing Groupon's Fall Shop!
vfdOut: sending: Subj: ITIL Certification Bundles
09/11-20:53 : You have 10 new emails! Last:  9
vfdOut: sending: Subj: The Maker's Mark Muse
vfdOut: sending: Subj: Quick tips for Wi-Fi
vfdOut: sending: Subj: You are invited to the St. Francis of Assisi Wedding Anniversary Mass!
vfdOut: sending: Subj: Bob Rupe also commented on Mariel Steinbeiser's photo.
vfdOut: sending: Subj: Chris Gallagher also commented on Mariel Steinbeiser's photo.
vfdOut: sending: Subj: Extra 20% Off Everything You Purchase + New Super Coupons
vfdOut: sending: Subj: Robert, enroll in an IFMA credentials course this fall.
vfdOut: sending: Subj: Bob, people are looking at your LinkedIn profile
vfdOut: sending: Subj: Introducing Groupon's Fall Shop!
vfdOut: sending: Subj: ITIL Certification Bundles
09/11-21:57 : You have 1 new emails! Last:  0
vfdOut: sending: Subj: SMS from 224444
09/11-22:39 : You have 2 new emails! Last:  1
vfdOut: sending: Subj: Fwd: : Your Requested Documents From Voya Customer Service
vfdOut: sending: Subj: SMS from 224444
09/11-22:41 : You have 3 new emails! Last:  2
vfdOut: sending: Subj: St. Francis of Assisi & Habitat for Humanity Build a Pope Francis House
vfdOut: sending: Subj: Fwd: : Your Requested Documents From Voya Customer Service
vfdOut: sending: Subj: SMS from 224444
09/11-23:13 : You have 4 new emails! Last:  3
vfdOut: sending: Subj: Nevermind other emails...just open this one!
vfdOut: sending: Subj: Fwd: : Your Requested Documents From Voya Customer Service
vfdOut: sending: Subj: St. Francis of Assisi & Habitat for Humanity Build a Pope Francis House
vfdOut: sending: Subj: SMS from 224444
09/11-23:33 : You have 5 new emails! Last:  4
vfdOut: sending: Subj: This email has the document...you dont have to open the other Voya/ING ones
vfdOut: sending: Subj: Nevermind other emails...just open this one!
vfdOut: sending: Subj: Fwd: : Your Requested Documents From Voya Customer Service
vfdOut: sending: Subj: St. Francis of Assisi & Habitat for Humanity Build a Pope Francis House
vfdOut: sending: Subj: SMS from 224444
09/12-06:36 : You have 6 new emails! Last:  5
vfdOut: sending: Subj: Book your 2015 bike tours! With Windsor stop added and London pick up
vfdOut: sending: Subj: This email has the document...you dont have to open the other Voya/ING ones
vfdOut: sending: Subj: Nevermind other emails...just open this one!
vfdOut: sending: Subj: Fwd: : Your Requested Documents From Voya Customer Service
vfdOut: sending: Subj: St. Francis of Assisi & Habitat for Humanity Build a Pope Francis House
vfdOut: sending: Subj: SMS from 224444
09/12-08:44 : You have 1 new emails! Last:  0
vfdOut: sending: Subj: Naples Trip Story
09/12-09:32 : You have 2 new emails! Last:  1
vfdOut: sending: Subj: Online Medical Certification
vfdOut: sending: Subj: Naples Trip Story
09/12-10:29 : You have 3 new emails! Last:  2
vfdOut: sending: Subj: Introducing the incredible Intel Edison and SparkFun Blocks!
vfdOut: sending: Subj: Online Medical Certification
vfdOut: sending: Subj: Naples Trip Story
09/12-11:25 : You have 4 new emails! Last:  3
vfdOut: sending: Subj: Habitat Happenings - Volunteers Wanted!
vfdOut: sending: Subj: Naples Trip Story
vfdOut: sending: Subj: Introducing the incredible Intel Edison and SparkFun Blocks!
vfdOut: sending: Subj: Online Medical Certification
09/12-11:34 : You have 5 new emails! Last:  4
vfdOut: sending: Subj: Estate Sales Near Raleigh, NC
vfdOut: sending: Subj: Habitat Happenings - Volunteers Wanted!
vfdOut: sending: Subj: Naples Trip Story
vfdOut: sending: Subj: Introducing the incredible Intel Edison and SparkFun Blocks!
vfdOut: sending: Subj: Online Medical Certification
09/12-13:35 : You have 6 new emails! Last:  5
vfdOut: sending: Subj: Marble countertops
vfdOut: sending: Subj: Josie Ennist added you back on Google+
vfdOut: sending: Subj: Family Trips + Extra 10% off New Getaways
vfdOut: sending: Subj: Habitat Happenings - Volunteers Wanted!
vfdOut: sending: Subj: Introducing the incredible Intel Edison and SparkFun Blocks!
vfdOut: sending: Subj: Online Medical Certification
09/12-14:00 : You have 7 new emails! Last:  6
vfdOut: sending: Subj: Google Alert - patio set site:raleigh.craigslist.org
vfdOut: sending: Subj: Marble countertops
vfdOut: sending: Subj: Josie Ennist added you back on Google+
vfdOut: sending: Subj: Family Trips + Extra 10% off New Getaways
vfdOut: sending: Subj: Habitat Happenings - Volunteers Wanted!
vfdOut: sending: Subj: Introducing the incredible Intel Edison and SparkFun Blocks!
vfdOut: sending: Subj: Online Medical Certification
09/12-14:40 : You have 8 new emails! Last:  7
vfdOut: sending: Subj: Apostle's Build Newsletter - Issue 3
vfdOut: sending: Subj: Google Alert - patio set site:raleigh.craigslist.org
vfdOut: sending: Subj: Marble countertops
vfdOut: sending: Subj: Josie Ennist added you back on Google+
vfdOut: sending: Subj: Family Trips + Extra 10% off New Getaways
vfdOut: sending: Subj: Habitat Happenings - Volunteers Wanted!
vfdOut: sending: Subj: Introducing the incredible Intel Edison and SparkFun Blocks!
vfdOut: sending: Subj: Online Medical Certification
09/12-15:20 : You have 9 new emails! Last:  8
vfdOut: sending: Subj: WOW | 2.5 HP 10" Industrial Tile/Brick Saw Only $214.99 | Plus Bonus Super Coupons
vfdOut: sending: Subj: Apostle's Build Newsletter - Issue 3
vfdOut: sending: Subj: Google Alert - patio set site:raleigh.craigslist.org
vfdOut: sending: Subj: Marble countertops
vfdOut: sending: Subj: Josie Ennist added you back on Google+
vfdOut: sending: Subj: Family Trips + Extra 10% off New Getaways
vfdOut: sending: Subj: Habitat Happenings - Volunteers Wanted!
vfdOut: sending: Subj: Introducing the incredible Intel Edison and SparkFun Blocks!
vfdOut: sending: Subj: Online Medical Certification
09/12-18:33 : You have 10 new emails! Last:  9
vfdOut: sending: Subj: FMST Tunes for Trails Event Invitation
vfdOut: sending: Subj: WOW | 2.5 HP 10" Industrial Tile/Brick Saw Only $214.99 | Plus Bonus Super Coupons
vfdOut: sending: Subj: Apostle's Build Newsletter - Issue 3
vfdOut: sending: Subj: Google Alert - patio set site:raleigh.craigslist.org
vfdOut: sending: Subj: Marble countertops
vfdOut: sending: Subj: Josie Ennist added you back on Google+
vfdOut: sending: Subj: Family Trips + Extra 10% off New Getaways
vfdOut: sending: Subj: Habitat Happenings - Volunteers Wanted!
vfdOut: sending: Subj: Introducing the incredible Intel Edison and SparkFun Blocks!
vfdOut: sending: Subj: Online Medical Certification
09/12-22:02 : You have 11 new emails! Last:  10
vfdOut: sending: Subj: Don't bother
vfdOut: sending: Subj: FMST Tunes for Trails Event Invitation
vfdOut: sending: Subj: WOW | 2.5 HP 10" Industrial Tile/Brick Saw Only $214.99 | Plus Bonus Super Coupons
vfdOut: sending: Subj: Apostle's Build Newsletter - Issue 3
vfdOut: sending: Subj: Google Alert - patio set site:raleigh.craigslist.org
vfdOut: sending: Subj: Marble countertops
vfdOut: sending: Subj: Josie Ennist added you back on Google+
vfdOut: sending: Subj: Family Trips + Extra 10% off New Getaways
vfdOut: sending: Subj: Habitat Happenings - Volunteers Wanted!
vfdOut: sending: Subj: Introducing the incredible Intel Edison and SparkFun Blocks!
vfdOut: sending: Subj: Online Medical Certification
09/13-13:35 : You have 12 new emails! Last:  11
vfdOut: sending: Subj: Solve This Puzzle: D E A _ S
vfdOut: sending: Subj: Thank You!
vfdOut: sending: Subj: Mexican Cuisine
vfdOut: sending: Subj: FMST Tunes for Trails Event Invitation
vfdOut: sending: Subj: WOW | 2.5 HP 10" Industrial Tile/Brick Saw Only $214.99 | Plus Bonus Super Coupons
vfdOut: sending: Subj: Apostle's Build Newsletter - Issue 3
vfdOut: sending: Subj: Google Alert - patio set site:raleigh.craigslist.org
vfdOut: sending: Subj: Josie Ennist added you back on Google+
vfdOut: sending: Subj: Family Trips + Extra 10% off New Getaways
vfdOut: sending: Subj: Habitat Happenings - Volunteers Wanted!
vfdOut: sending: Subj: Introducing the incredible Intel Edison and SparkFun Blocks!
vfdOut: sending: Subj: Online Medical Certification
09/13-19:52 : You have 13 new emails! Last:  12
vfdOut: sending: Subj: New missed call from Mark Kopp at 7:51 PM
vfdOut: sending: Subj: Solve This Puzzle: D E A _ S
vfdOut: sending: Subj: Thank You!
vfdOut: sending: Subj: Mexican Cuisine
vfdOut: sending: Subj: FMST Tunes for Trails Event Invitation
vfdOut: sending: Subj: WOW | 2.5 HP 10" Industrial Tile/Brick Saw Only $214.99 | Plus Bonus Super Coupons
vfdOut: sending: Subj: Apostle's Build Newsletter - Issue 3
vfdOut: sending: Subj: Google Alert - patio set site:raleigh.craigslist.org
vfdOut: sending: Subj: Josie Ennist added you back on Google+
vfdOut: sending: Subj: Family Trips + Extra 10% off New Getaways
vfdOut: sending: Subj: Habitat Happenings - Volunteers Wanted!
vfdOut: sending: Subj: Introducing the incredible Intel Edison and SparkFun Blocks!
vfdOut: sending: Subj: Online Medical Certification
09/13-20:46 : You have 14 new emails! Last:  13
vfdOut: sending: Subj: Pat Zankman (friends with Terry Steinbeiser) commented on a photo that you're tagged in.
vfdOut: sending: Subj: New missed call from Mark Kopp at 7:51 PM
vfdOut: sending: Subj: Solve This Puzzle: D E A _ S
vfdOut: sending: Subj: Thank You!
vfdOut: sending: Subj: Mexican Cuisine
vfdOut: sending: Subj: FMST Tunes for Trails Event Invitation
vfdOut: sending: Subj: WOW | 2.5 HP 10" Industrial Tile/Brick Saw Only $214.99 | Plus Bonus Super Coupons
vfdOut: sending: Subj: Apostle's Build Newsletter - Issue 3
vfdOut: sending: Subj: Google Alert - patio set site:raleigh.craigslist.org
vfdOut: sending: Subj: Josie Ennist added you back on Google+
vfdOut: sending: Subj: Family Trips + Extra 10% off New Getaways
vfdOut: sending: Subj: Habitat Happenings - Volunteers Wanted!
vfdOut: sending: Subj: Introducing the incredible Intel Edison and SparkFun Blocks!
vfdOut: sending: Subj: Online Medical Certification
09/13-22:23 : You have 15 new emails! Last:  14
vfdOut: sending: Subj: A Steinbeiser Chapman commented on a photo that you're tagged in.
vfdOut: sending: Subj: Pat Zankman (friends with Terry Steinbeiser) commented on a photo that you're tagged in.
vfdOut: sending: Subj: New missed call from Mark Kopp at 7:51 PM
vfdOut: sending: Subj: Solve This Puzzle: D E A _ S
vfdOut: sending: Subj: Thank You!
vfdOut: sending: Subj: Mexican Cuisine
vfdOut: sending: Subj: FMST Tunes for Trails Event Invitation
vfdOut: sending: Subj: WOW | 2.5 HP 10" Industrial Tile/Brick Saw Only $214.99 | Plus Bonus Super Coupons
vfdOut: sending: Subj: Apostle's Build Newsletter - Issue 3
vfdOut: sending: Subj: Google Alert - patio set site:raleigh.craigslist.org
vfdOut: sending: Subj: Josie Ennist added you back on Google+
vfdOut: sending: Subj: Family Trips + Extra 10% off New Getaways
vfdOut: sending: Subj: Habitat Happenings - Volunteers Wanted!
vfdOut: sending: Subj: Introducing the incredible Intel Edison and SparkFun Blocks!
vfdOut: sending: Subj: Online Medical Certification
09/13-22:55 : You have 16 new emails! Last:  15
vfdOut: sending: Subj: Barb Steinbeiser Diehl wants to be friends on Facebook
vfdOut: sending: Subj: A Steinbeiser Chapman commented on a photo that you're tagged in.
vfdOut: sending: Subj: Pat Zankman (friends with Terry Steinbeiser) commented on a photo that you're tagged in.
vfdOut: sending: Subj: New missed call from Mark Kopp at 7:51 PM
vfdOut: sending: Subj: Solve This Puzzle: D E A _ S
vfdOut: sending: Subj: Thank You!
vfdOut: sending: Subj: Mexican Cuisine
vfdOut: sending: Subj: FMST Tunes for Trails Event Invitation
vfdOut: sending: Subj: WOW | 2.5 HP 10" Industrial Tile/Brick Saw Only $214.99 | Plus Bonus Super Coupons
vfdOut: sending: Subj: Apostle's Build Newsletter - Issue 3
vfdOut: sending: Subj: Google Alert - patio set site:raleigh.craigslist.org
vfdOut: sending: Subj: Josie Ennist added you back on Google+
vfdOut: sending: Subj: Family Trips + Extra 10% off New Getaways
vfdOut: sending: Subj: Habitat Happenings - Volunteers Wanted!
vfdOut: sending: Subj: Introducing the incredible Intel Edison and SparkFun Blocks!
vfdOut: sending: Subj: Online Medical Certification
09/13-22:56 : You have 17 new emails! Last:  16
vfdOut: sending: Subj: New message from A Steinbeiser Chapman
vfdOut: sending: Subj: Barb Steinbeiser Diehl wants to be friends on Facebook
vfdOut: sending: Subj: A Steinbeiser Chapman commented on a photo that you're tagged in.
vfdOut: sending: Subj: Pat Zankman (friends with Terry Steinbeiser) commented on a photo that you're tagged in.
vfdOut: sending: Subj: New missed call from Mark Kopp at 7:51 PM
vfdOut: sending: Subj: Solve This Puzzle: D E A _ S
vfdOut: sending: Subj: Thank You!
vfdOut: sending: Subj: Mexican Cuisine
vfdOut: sending: Subj: FMST Tunes for Trails Event Invitation
vfdOut: sending: Subj: WOW | 2.5 HP 10" Industrial Tile/Brick Saw Only $214.99 | Plus Bonus Super Coupons
vfdOut: sending: Subj: Apostle's Build Newsletter - Issue 3
vfdOut: sending: Subj: Google Alert - patio set site:raleigh.craigslist.org
vfdOut: sending: Subj: Josie Ennist added you back on Google+
vfdOut: sending: Subj: Family Trips + Extra 10% off New Getaways
vfdOut: sending: Subj: Habitat Happenings - Volunteers Wanted!
vfdOut: sending: Subj: Introducing the incredible Intel Edison and SparkFun Blocks!
vfdOut: sending: Subj: Online Medical Certification
09/13-23:18 : You have 18 new emails! Last:  17
vfdOut: sending: Subj: Drew Steinbeiser commented on a photo that you're tagged in.
vfdOut: sending: Subj: New message from A Steinbeiser Chapman
vfdOut: sending: Subj: Barb Steinbeiser Diehl wants to be friends on Facebook
vfdOut: sending: Subj: A Steinbeiser Chapman commented on a photo that you're tagged in.
vfdOut: sending: Subj: Pat Zankman (friends with Terry Steinbeiser) commented on a photo that you're tagged in.
vfdOut: sending: Subj: New missed call from Mark Kopp at 7:51 PM
vfdOut: sending: Subj: Solve This Puzzle: D E A _ S
vfdOut: sending: Subj: Thank You!
vfdOut: sending: Subj: Mexican Cuisine
vfdOut: sending: Subj: FMST Tunes for Trails Event Invitation
vfdOut: sending: Subj: WOW | 2.5 HP 10" Industrial Tile/Brick Saw Only $214.99 | Plus Bonus Super Coupons
vfdOut: sending: Subj: Apostle's Build Newsletter - Issue 3
vfdOut: sending: Subj: Google Alert - patio set site:raleigh.craigslist.org
vfdOut: sending: Subj: Josie Ennist added you back on Google+
vfdOut: sending: Subj: Family Trips + Extra 10% off New Getaways
vfdOut: sending: Subj: Habitat Happenings - Volunteers Wanted!
vfdOut: sending: Subj: Introducing the incredible Intel Edison and SparkFun Blocks!
vfdOut: sending: Subj: Online Medical Certification
09/14-06:45 : You have 19 new emails! Last:  18
vfdOut: sending: Subj: Bob Steinbeiser, your August account statement is here
vfdOut: sending: Subj: Drew Steinbeiser commented on a photo that you're tagged in.
vfdOut: sending: Subj: New message from A Steinbeiser Chapman
vfdOut: sending: Subj: Barb Steinbeiser Diehl wants to be friends on Facebook
vfdOut: sending: Subj: A Steinbeiser Chapman commented on a photo that you're tagged in.
vfdOut: sending: Subj: Pat Zankman (friends with Terry Steinbeiser) commented on a photo that you're tagged in.
vfdOut: sending: Subj: New missed call from Mark Kopp at 7:51 PM
vfdOut: sending: Subj: Solve This Puzzle: D E A _ S
vfdOut: sending: Subj: Thank You!
vfdOut: sending: Subj: Mexican Cuisine
vfdOut: sending: Subj: FMST Tunes for Trails Event Invitation
vfdOut: sending: Subj: WOW | 2.5 HP 10" Industrial Tile/Brick Saw Only $214.99 | Plus Bonus Super Coupons
vfdOut: sending: Subj: Apostle's Build Newsletter - Issue 3
vfdOut: sending: Subj: Google Alert - patio set site:raleigh.craigslist.org
vfdOut: sending: Subj: Josie Ennist added you back on Google+
vfdOut: sending: Subj: Family Trips + Extra 10% off New Getaways
vfdOut: sending: Subj: Habitat Happenings - Volunteers Wanted!
vfdOut: sending: Subj: Introducing the incredible Intel Edison and SparkFun Blocks!
vfdOut: sending: Subj: Online Medical Certification
09/14-08:25 : You have 20 new emails! Last:  19
vfdOut: sending: Subj: Do you know Lloyd Lind, Dawn McMahon Igoe and 8 others?
vfdOut: sending: Subj: Bob Steinbeiser, your August account statement is here
vfdOut: sending: Subj: Drew Steinbeiser commented on a photo that you're tagged in.
vfdOut: sending: Subj: New message from A Steinbeiser Chapman
vfdOut: sending: Subj: Barb Steinbeiser Diehl wants to be friends on Facebook
vfdOut: sending: Subj: A Steinbeiser Chapman commented on a photo that you're tagged in.
vfdOut: sending: Subj: Pat Zankman (friends with Terry Steinbeiser) commented on a photo that you're tagged in.
vfdOut: sending: Subj: New missed call from Mark Kopp at 7:51 PM
vfdOut: sending: Subj: Solve This Puzzle: D E A _ S
vfdOut: sending: Subj: Thank You!
vfdOut: sending: Subj: Mexican Cuisine
vfdOut: sending: Subj: FMST Tunes for Trails Event Invitation
vfdOut: sending: Subj: WOW | 2.5 HP 10" Industrial Tile/Brick Saw Only $214.99 | Plus Bonus Super Coupons
vfdOut: sending: Subj: Apostle's Build Newsletter - Issue 3
vfdOut: sending: Subj: Google Alert - patio set site:raleigh.craigslist.org
vfdOut: sending: Subj: Josie Ennist added you back on Google+
vfdOut: sending: Subj: Family Trips + Extra 10% off New Getaways
vfdOut: sending: Subj: Habitat Happenings - Volunteers Wanted!
vfdOut: sending: Subj: Introducing the incredible Intel Edison and SparkFun Blocks!
vfdOut: sending: Subj: Online Medical Certification
09/14-09:03 : You have 21 new emails! Last:  20
vfdOut: sending: Subj: Join us for the SparkFun Faire Game!
vfdOut: sending: Subj: Do you know Lloyd Lind, Dawn McMahon Igoe and 8 others?
vfdOut: sending: Subj: Bob Steinbeiser, your August account statement is here
vfdOut: sending: Subj: Drew Steinbeiser commented on a photo that you're tagged in.
vfdOut: sending: Subj: New message from A Steinbeiser Chapman
vfdOut: sending: Subj: Barb Steinbeiser Diehl wants to be friends on Facebook
vfdOut: sending: Subj: A Steinbeiser Chapman commented on a photo that you're tagged in.
vfdOut: sending: Subj: Pat Zankman (friends with Terry Steinbeiser) commented on a photo that you're tagged in.
vfdOut: sending: Subj: New missed call from Mark Kopp at 7:51 PM
vfdOut: sending: Subj: Solve This Puzzle: D E A _ S
vfdOut: sending: Subj: Thank You!
vfdOut: sending: Subj: Mexican Cuisine
vfdOut: sending: Subj: FMST Tunes for Trails Event Invitation
vfdOut: sending: Subj: WOW | 2.5 HP 10" Industrial Tile/Brick Saw Only $214.99 | Plus Bonus Super Coupons
vfdOut: sending: Subj: Apostle's Build Newsletter - Issue 3
vfdOut: sending: Subj: Google Alert - patio set site:raleigh.craigslist.org
vfdOut: sending: Subj: Josie Ennist added you back on Google+
vfdOut: sending: Subj: Family Trips + Extra 10% off New Getaways
vfdOut: sending: Subj: Habitat Happenings - Volunteers Wanted!
vfdOut: sending: Subj: Introducing the incredible Intel Edison and SparkFun Blocks!
09/14-09:23 : You have 22 new emails! Last:  21
vfdOut: sending: Subj: At-Home Pet Allergy Assessment
vfdOut: sending: Subj: Join us for the SparkFun Faire Game!
vfdOut: sending: Subj: Do you know Lloyd Lind, Dawn McMahon Igoe and 8 others?
vfdOut: sending: Subj: Bob Steinbeiser, your August account statement is here
vfdOut: sending: Subj: Drew Steinbeiser commented on a photo that you're tagged in.
vfdOut: sending: Subj: New message from A Steinbeiser Chapman
vfdOut: sending: Subj: Barb Steinbeiser Diehl wants to be friends on Facebook
vfdOut: sending: Subj: A Steinbeiser Chapman commented on a photo that you're tagged in.
vfdOut: sending: Subj: Pat Zankman (friends with Terry Steinbeiser) commented on a photo that you're tagged in.
vfdOut: sending: Subj: New missed call from Mark Kopp at 7:51 PM
vfdOut: sending: Subj: Solve This Puzzle: D E A _ S
vfdOut: sending: Subj: Thank You!
vfdOut: sending: Subj: Mexican Cuisine
vfdOut: sending: Subj: FMST Tunes for Trails Event Invitation
vfdOut: sending: Subj: WOW | 2.5 HP 10" Industrial Tile/Brick Saw Only $214.99 | Plus Bonus Super Coupons
vfdOut: sending: Subj: Apostle's Build Newsletter - Issue 3
vfdOut: sending: Subj: Google Alert - patio set site:raleigh.craigslist.org
vfdOut: sending: Subj: Josie Ennist added you back on Google+
vfdOut: sending: Subj: Family Trips + Extra 10% off New Getaways
vfdOut: sending: Subj: Habitat Happenings - Volunteers Wanted!
09/14-12:05 : You have 23 new emails! Last:  22
vfdOut: sending: Subj: Save All Month Long with 59 Super Coupons!
vfdOut: sending: Subj: At-Home Pet Allergy Assessment
vfdOut: sending: Subj: Join us for the SparkFun Faire Game!
vfdOut: sending: Subj: Do you know Lloyd Lind, Dawn McMahon Igoe and 8 others?
vfdOut: sending: Subj: Bob Steinbeiser, your August account statement is here
vfdOut: sending: Subj: Drew Steinbeiser commented on a photo that you're tagged in.
vfdOut: sending: Subj: New message from A Steinbeiser Chapman
vfdOut: sending: Subj: Barb Steinbeiser Diehl wants to be friends on Facebook
vfdOut: sending: Subj: A Steinbeiser Chapman commented on a photo that you're tagged in.
vfdOut: sending: Subj: Pat Zankman (friends with Terry Steinbeiser) commented on a photo that you're tagged in.
vfdOut: sending: Subj: New missed call from Mark Kopp at 7:51 PM
vfdOut: sending: Subj: Solve This Puzzle: D E A _ S
vfdOut: sending: Subj: Thank You!
vfdOut: sending: Subj: Mexican Cuisine
vfdOut: sending: Subj: FMST Tunes for Trails Event Invitation
vfdOut: sending: Subj: WOW | 2.5 HP 10" Industrial Tile/Brick Saw Only $214.99 | Plus Bonus Super Coupons
vfdOut: sending: Subj: Apostle's Build Newsletter - Issue 3
vfdOut: sending: Subj: Google Alert - patio set site:raleigh.craigslist.org
vfdOut: sending: Subj: Josie Ennist added you back on Google+
vfdOut: sending: Subj: Family Trips + Extra 10% off New Getaways
09/14-12:26 : You have 24 new emails! Last:  23
vfdOut: sending: Subj: Jeanne Higham added a new photo to the album iOS Photos
vfdOut: sending: Subj: Save All Month Long with 59 Super Coupons!
vfdOut: sending: Subj: At-Home Pet Allergy Assessment
vfdOut: sending: Subj: Join us for the SparkFun Faire Game!
vfdOut: sending: Subj: Do you know Lloyd Lind, Dawn McMahon Igoe and 8 others?
vfdOut: sending: Subj: Bob Steinbeiser, your August account statement is here
vfdOut: sending: Subj: Drew Steinbeiser commented on a photo that you're tagged in.
vfdOut: sending: Subj: New message from A Steinbeiser Chapman
vfdOut: sending: Subj: Barb Steinbeiser Diehl wants to be friends on Facebook
vfdOut: sending: Subj: A Steinbeiser Chapman commented on a photo that you're tagged in.
vfdOut: sending: Subj: Pat Zankman (friends with Terry Steinbeiser) commented on a photo that you're tagged in.
vfdOut: sending: Subj: New missed call from Mark Kopp at 7:51 PM
vfdOut: sending: Subj: Solve This Puzzle: D E A _ S
vfdOut: sending: Subj: Thank You!
vfdOut: sending: Subj: Mexican Cuisine
vfdOut: sending: Subj: FMST Tunes for Trails Event Invitation
vfdOut: sending: Subj: WOW | 2.5 HP 10" Industrial Tile/Brick Saw Only $214.99 | Plus Bonus Super Coupons
vfdOut: sending: Subj: Apostle's Build Newsletter - Issue 3
vfdOut: sending: Subj: Google Alert - patio set site:raleigh.craigslist.org
vfdOut: sending: Subj: Josie Ennist added you back on Google+
09/14-14:00 : You have 25 new emails! Last:  24
vfdOut: sending: Subj: Google Alert - patio set site:raleigh.craigslist.org
vfdOut: sending: Subj: Jeanne Higham added a new photo to the album iOS Photos
vfdOut: sending: Subj: Save All Month Long with 59 Super Coupons!
vfdOut: sending: Subj: At-Home Pet Allergy Assessment
vfdOut: sending: Subj: Join us for the SparkFun Faire Game!
vfdOut: sending: Subj: Do you know Lloyd Lind, Dawn McMahon Igoe and 8 others?
vfdOut: sending: Subj: Bob Steinbeiser, your August account statement is here
vfdOut: sending: Subj: Drew Steinbeiser commented on a photo that you're tagged in.
vfdOut: sending: Subj: New message from A Steinbeiser Chapman
vfdOut: sending: Subj: Barb Steinbeiser Diehl wants to be friends on Facebook
vfdOut: sending: Subj: A Steinbeiser Chapman commented on a photo that you're tagged in.
vfdOut: sending: Subj: Pat Zankman (friends with Terry Steinbeiser) commented on a photo that you're tagged in.
vfdOut: sending: Subj: New missed call from Mark Kopp at 7:51 PM
vfdOut: sending: Subj: Solve This Puzzle: D E A _ S
vfdOut: sending: Subj: Thank You!
vfdOut: sending: Subj: Mexican Cuisine
vfdOut: sending: Subj: FMST Tunes for Trails Event Invitation
vfdOut: sending: Subj: WOW | 2.5 HP 10" Industrial Tile/Brick Saw Only $214.99 | Plus Bonus Super Coupons
vfdOut: sending: Subj: Apostle's Build Newsletter - Issue 3
vfdOut: sending: Subj: Google Alert - patio set site:raleigh.craigslist.org
09/14-22:08 : You have 26 new emails! Last:  25
vfdOut: sending: Subj: Mark W. Kopp added a new photo to the album Mobile Uploads
vfdOut: sending: Subj: Google Alert - patio set site:raleigh.craigslist.org
vfdOut: sending: Subj: Jeanne Higham added a new photo to the album iOS Photos
vfdOut: sending: Subj: Save All Month Long with 59 Super Coupons!
vfdOut: sending: Subj: At-Home Pet Allergy Assessment
vfdOut: sending: Subj: Join us for the SparkFun Faire Game!
vfdOut: sending: Subj: Do you know Lloyd Lind, Dawn McMahon Igoe and 8 others?
vfdOut: sending: Subj: Bob Steinbeiser, your August account statement is here
vfdOut: sending: Subj: Drew Steinbeiser commented on a photo that you're tagged in.
vfdOut: sending: Subj: New message from A Steinbeiser Chapman
vfdOut: sending: Subj: Barb Steinbeiser Diehl wants to be friends on Facebook
vfdOut: sending: Subj: A Steinbeiser Chapman commented on a photo that you're tagged in.
vfdOut: sending: Subj: Pat Zankman (friends with Terry Steinbeiser) commented on a photo that you're tagged in.
vfdOut: sending: Subj: New missed call from Mark Kopp at 7:51 PM
vfdOut: sending: Subj: Solve This Puzzle: D E A _ S
vfdOut: sending: Subj: Thank You!
vfdOut: sending: Subj: Mexican Cuisine
vfdOut: sending: Subj: FMST Tunes for Trails Event Invitation
vfdOut: sending: Subj: WOW | 2.5 HP 10" Industrial Tile/Brick Saw Only $214.99 | Plus Bonus Super Coupons
vfdOut: sending: Subj: Apostle's Build Newsletter - Issue 3
09/15-02:20 : You have 27 new emails! Last:  26
vfdOut: sending: Subj: Weekly digest for September 14, 2014
vfdOut: sending: Subj: Mark W. Kopp added a new photo to the album Mobile Uploads
vfdOut: sending: Subj: Google Alert - patio set site:raleigh.craigslist.org
vfdOut: sending: Subj: Jeanne Higham added a new photo to the album iOS Photos
vfdOut: sending: Subj: Save All Month Long with 59 Super Coupons!
vfdOut: sending: Subj: At-Home Pet Allergy Assessment
vfdOut: sending: Subj: Join us for the SparkFun Faire Game!
vfdOut: sending: Subj: Do you know Lloyd Lind, Dawn McMahon Igoe and 8 others?
vfdOut: sending: Subj: Bob Steinbeiser, your August account statement is here
vfdOut: sending: Subj: Drew Steinbeiser commented on a photo that you're tagged in.
vfdOut: sending: Subj: New message from A Steinbeiser Chapman
vfdOut: sending: Subj: Barb Steinbeiser Diehl wants to be friends on Facebook
vfdOut: sending: Subj: A Steinbeiser Chapman commented on a photo that you're tagged in.
vfdOut: sending: Subj: Pat Zankman (friends with Terry Steinbeiser) commented on a photo that you're tagged in.
vfdOut: sending: Subj: New missed call from Mark Kopp at 7:51 PM
vfdOut: sending: Subj: Solve This Puzzle: D E A _ S
vfdOut: sending: Subj: Thank You!
vfdOut: sending: Subj: Mexican Cuisine
vfdOut: sending: Subj: FMST Tunes for Trails Event Invitation
vfdOut: sending: Subj: WOW | 2.5 HP 10" Industrial Tile/Brick Saw Only $214.99 | Plus Bonus Super Coupons
09/15-06:05 : You have 28 new emails! Last:  27
vfdOut: sending: Subj: LinkedIn Messages, 9/15/2014
vfdOut: sending: Subj: Weekly digest for September 14, 2014
vfdOut: sending: Subj: Mark W. Kopp added a new photo to the album Mobile Uploads
vfdOut: sending: Subj: Google Alert - patio set site:raleigh.craigslist.org
vfdOut: sending: Subj: Jeanne Higham added a new photo to the album iOS Photos
vfdOut: sending: Subj: Save All Month Long with 59 Super Coupons!
vfdOut: sending: Subj: At-Home Pet Allergy Assessment
vfdOut: sending: Subj: Join us for the SparkFun Faire Game!
vfdOut: sending: Subj: Do you know Lloyd Lind, Dawn McMahon Igoe and 8 others?
vfdOut: sending: Subj: Bob Steinbeiser, your August account statement is here
vfdOut: sending: Subj: Drew Steinbeiser commented on a photo that you're tagged in.
vfdOut: sending: Subj: New message from A Steinbeiser Chapman
vfdOut: sending: Subj: Barb Steinbeiser Diehl wants to be friends on Facebook
vfdOut: sending: Subj: A Steinbeiser Chapman commented on a photo that you're tagged in.
vfdOut: sending: Subj: Pat Zankman (friends with Terry Steinbeiser) commented on a photo that you're tagged in.
vfdOut: sending: Subj: New missed call from Mark Kopp at 7:51 PM
vfdOut: sending: Subj: Solve This Puzzle: D E A _ S
vfdOut: sending: Subj: Thank You!
vfdOut: sending: Subj: Mexican Cuisine
vfdOut: sending: Subj: FMST Tunes for Trails Event Invitation
09/15-07:00 : You have 29 new emails! Last:  28
vfdOut: sending: Subj: Need weekend plans?
vfdOut: sending: Subj: LinkedIn Messages, 9/15/2014
vfdOut: sending: Subj: Weekly digest for September 14, 2014
vfdOut: sending: Subj: Mark W. Kopp added a new photo to the album Mobile Uploads
vfdOut: sending: Subj: Google Alert - patio set site:raleigh.craigslist.org
vfdOut: sending: Subj: Jeanne Higham added a new photo to the album iOS Photos
vfdOut: sending: Subj: Save All Month Long with 59 Super Coupons!
vfdOut: sending: Subj: At-Home Pet Allergy Assessment
vfdOut: sending: Subj: Join us for the SparkFun Faire Game!
vfdOut: sending: Subj: Do you know Lloyd Lind, Dawn McMahon Igoe and 8 others?
vfdOut: sending: Subj: Bob Steinbeiser, your August account statement is here
vfdOut: sending: Subj: Drew Steinbeiser commented on a photo that you're tagged in.
vfdOut: sending: Subj: New message from A Steinbeiser Chapman
vfdOut: sending: Subj: Barb Steinbeiser Diehl wants to be friends on Facebook
vfdOut: sending: Subj: A Steinbeiser Chapman commented on a photo that you're tagged in.
vfdOut: sending: Subj: Pat Zankman (friends with Terry Steinbeiser) commented on a photo that you're tagged in.
vfdOut: sending: Subj: New missed call from Mark Kopp at 7:51 PM
vfdOut: sending: Subj: Solve This Puzzle: D E A _ S
vfdOut: sending: Subj: Thank You!
vfdOut: sending: Subj: Mexican Cuisine
09/15-07:20 : You have 30 new emails! Last:  29
vfdOut: sending: Subj: Bob: Citrix, Amplify and NetApp are looking for candidates like you.
vfdOut: sending: Subj: Need weekend plans?
vfdOut: sending: Subj: LinkedIn Messages, 9/15/2014
vfdOut: sending: Subj: Weekly digest for September 14, 2014
vfdOut: sending: Subj: Mark W. Kopp added a new photo to the album Mobile Uploads
vfdOut: sending: Subj: Google Alert - patio set site:raleigh.craigslist.org
vfdOut: sending: Subj: Jeanne Higham added a new photo to the album iOS Photos
vfdOut: sending: Subj: Save All Month Long with 59 Super Coupons!
vfdOut: sending: Subj: At-Home Pet Allergy Assessment
vfdOut: sending: Subj: Join us for the SparkFun Faire Game!
vfdOut: sending: Subj: Do you know Lloyd Lind, Dawn McMahon Igoe and 8 others?
vfdOut: sending: Subj: Bob Steinbeiser, your August account statement is here
vfdOut: sending: Subj: Drew Steinbeiser commented on a photo that you're tagged in.
vfdOut: sending: Subj: New message from A Steinbeiser Chapman
vfdOut: sending: Subj: Barb Steinbeiser Diehl wants to be friends on Facebook
vfdOut: sending: Subj: A Steinbeiser Chapman commented on a photo that you're tagged in.
vfdOut: sending: Subj: Pat Zankman (friends with Terry Steinbeiser) commented on a photo that you're tagged in.
vfdOut: sending: Subj: New missed call from Mark Kopp at 7:51 PM
vfdOut: sending: Subj: Solve This Puzzle: D E A _ S
vfdOut: sending: Subj: Thank You!
09/15-09:06 : You have 1 new emails! Last:  0
vfdOut: sending: Subj: Pizza and Italian Food
09/15-09:20: URL Open Exception!
09/15-09:20: Feed Parse Exception!
09/15-10:13 : You have 2 new emails! Last:  1
vfdOut: sending: Subj: Betsy Fasick Frye (friends with Barb Steinbeiser Diehl) commented on your photo.
vfdOut: sending: Subj: Pizza and Italian Food
09/15-10:27 : You have 1 new emails! Last:  0
vfdOut: sending: Subj: Polly Phillips just joined! Want to connect?
09/15-10:36 : You have 2 new emails! Last:  1
vfdOut: sending: Subj: Group me
vfdOut: sending: Subj: Polly Phillips just joined! Want to connect?
09/15-11:04 : You have 3 new emails! Last:  2
vfdOut: sending: Subj: St. Francis of Assisi & Habitat for Humanity Build a Pope Francis House
vfdOut: sending: Subj: Group me
vfdOut: sending: Subj: Polly Phillips just joined! Want to connect?
09/15-11:21 : You have 5 new emails! Last:  3
vfdOut: sending: Subj: The Steinbeiser & Friends Band commented on your photo.
vfdOut: sending: Subj: Thank You!
vfdOut: sending: Subj: Peggy Fontana (friends with Barb Steinbeiser Diehl) commented on your photo.
vfdOut: sending: Subj: Group me
vfdOut: sending: Subj: Polly Phillips just joined! Want to connect?
09/15-12:00 : You have 6 new emails! Last:  5
vfdOut: sending: Subj: Kay Diehl wants to be friends on Facebook
vfdOut: sending: Subj: Group me
vfdOut: sending: Subj: Thank You!
vfdOut: sending: Subj: The Steinbeiser & Friends Band commented on your photo.
vfdOut: sending: Subj: Peggy Fontana (friends with Barb Steinbeiser Diehl) commented on your photo.
vfdOut: sending: Subj: Polly Phillips just joined! Want to connect?
09/15-12:04 : You have 7 new emails! Last:  6
vfdOut: sending: Subj: Kay Diehl (friends with A Steinbeiser Chapman) commented on your photo.
vfdOut: sending: Subj: Kay Diehl wants to be friends on Facebook
vfdOut: sending: Subj: Group me
vfdOut: sending: Subj: Thank You!
vfdOut: sending: Subj: The Steinbeiser & Friends Band commented on your photo.
vfdOut: sending: Subj: Peggy Fontana (friends with Barb Steinbeiser Diehl) commented on your photo.
vfdOut: sending: Subj: Polly Phillips just joined! Want to connect?
09/15-13:06 : You have 8 new emails! Last:  7
vfdOut: sending: Subj: Extra 15% off our Fall Beauty Favorites
vfdOut: sending: Subj: Kay Diehl (friends with A Steinbeiser Chapman) commented on your photo.
vfdOut: sending: Subj: Kay Diehl wants to be friends on Facebook
vfdOut: sending: Subj: Group me
vfdOut: sending: Subj: Thank You!
vfdOut: sending: Subj: The Steinbeiser & Friends Band commented on your photo.
vfdOut: sending: Subj: Peggy Fontana (friends with Barb Steinbeiser Diehl) commented on your photo.
vfdOut: sending: Subj: Polly Phillips just joined! Want to connect?
09/15-13:37 : You have 9 new emails! Last:  8
vfdOut: sending: Subj: Barb Steinbeiser Diehl commented on your photo.
vfdOut: sending: Subj: Extra 15% off our Fall Beauty Favorites
vfdOut: sending: Subj: Kay Diehl (friends with A Steinbeiser Chapman) commented on your photo.
vfdOut: sending: Subj: Kay Diehl wants to be friends on Facebook
vfdOut: sending: Subj: Group me
vfdOut: sending: Subj: Thank You!
vfdOut: sending: Subj: The Steinbeiser & Friends Band commented on your photo.
vfdOut: sending: Subj: Peggy Fontana (friends with Barb Steinbeiser Diehl) commented on your photo.
vfdOut: sending: Subj: Polly Phillips just joined! Want to connect?
09/15-14:00 : You have 11 new emails! Last:  9
vfdOut: sending: Subj: Google Alert - patio set site:raleigh.craigslist.org
vfdOut: sending: Subj: Bob, people are looking at your LinkedIn profile
vfdOut: sending: Subj: Barb Steinbeiser Diehl posted on your timeline
vfdOut: sending: Subj: This email has the document...you dont have to open the other Voya/ING ones
vfdOut: sending: Subj: Barb Steinbeiser Diehl commented on your photo.
vfdOut: sending: Subj: Extra 15% off our Fall Beauty Favorites
vfdOut: sending: Subj: Kay Diehl (friends with A Steinbeiser Chapman) commented on your photo.
vfdOut: sending: Subj: Kay Diehl wants to be friends on Facebook
vfdOut: sending: Subj: The Steinbeiser & Friends Band commented on your photo.
vfdOut: sending: Subj: Peggy Fontana (friends with Barb Steinbeiser Diehl) commented on your photo.
vfdOut: sending: Subj: Polly Phillips just joined! Want to connect?
09/15-14:43 : You have 12 new emails! Last:  11
vfdOut: sending: Subj: Reminder: Kahti Motley emailed you via Indeed Resume
vfdOut: sending: Subj: Thank You!
vfdOut: sending: Subj: Drew Steinbeiser commented on your photo.
vfdOut: sending: Subj: Bob, people are looking at your LinkedIn profile
vfdOut: sending: Subj: Barb Steinbeiser Diehl posted on your timeline
vfdOut: sending: Subj: Barb Steinbeiser Diehl commented on your photo.
vfdOut: sending: Subj: Extra 15% off our Fall Beauty Favorites
vfdOut: sending: Subj: Kay Diehl (friends with A Steinbeiser Chapman) commented on your photo.
vfdOut: sending: Subj: Kay Diehl wants to be friends on Facebook
vfdOut: sending: Subj: The Steinbeiser & Friends Band commented on your photo.
vfdOut: sending: Subj: Peggy Fontana (friends with Barb Steinbeiser Diehl) commented on your photo.
vfdOut: sending: Subj: Polly Phillips just joined! Want to connect?
09/15-18:01 : You have 1 new emails! Last:  0
vfdOut: sending: Subj: The Village Of Marianne Taylor Music
09/15-19:42 : You have 1 new emails! Last:  0
vfdOut: sending: Subj: Save Now on Outdoor Power Tools & More | Over $1150 in Savings with 25 Super Coupons
09/15-19:46 : You have 2 new emails! Last:  1
vfdOut: sending: Subj: Habitat Volunteers Desperately Needed This Saturday September 20, 2014
vfdOut: sending: Subj: Save Now on Outdoor Power Tools & More | Over $1150 in Savings with 25 Super Coupons
09/16-03:26 : You have 3 new emails! Last:  2
vfdOut: sending: Subj: Congratulate Brian Young
vfdOut: sending: Subj: Habitat Volunteers Desperately Needed This Saturday September 20, 2014
vfdOut: sending: Subj: Save Now on Outdoor Power Tools & More | Over $1150 in Savings with 25 Super Coupons
09/16-07:21 : You have 4 new emails! Last:  3
vfdOut: sending: Subj: Bob, please add me to your LinkedIn network
vfdOut: sending: Subj: Congratulate Brian Young
vfdOut: sending: Subj: Habitat Volunteers Desperately Needed This Saturday September 20, 2014
vfdOut: sending: Subj: Save Now on Outdoor Power Tools & More | Over $1150 in Savings with 25 Super Coupons
09/16-08:44: URL Open Exception!
09/16-08:44: Feed Parse Exception!
09/16-09:04: URL Open Exception!
09/16-09:04: Feed Parse Exception!
09/16-10:44 : You have 5 new emails! Last:  4
vfdOut: sending: Subj: Fwd: The Way of Francis - Purpose
vfdOut: sending: Subj: Match.com Membership
vfdOut: sending: Subj: Fwd: Confirmation for Relay order ZPQKV
vfdOut: sending: Subj: Bob, please add me to your LinkedIn network
vfdOut: sending: Subj: Congratulate Brian Young
09/16-11:07 : You have 6 new emails! Last:  5
vfdOut: sending: Subj: Apostles Build Sept 20, St Francis & St Giles
vfdOut: sending: Subj: Fwd: The Way of Francis - Purpose
vfdOut: sending: Subj: Match.com Membership
vfdOut: sending: Subj: Fwd: Confirmation for Relay order ZPQKV
vfdOut: sending: Subj: Bob, please add me to your LinkedIn network
vfdOut: sending: Subj: Congratulate Brian Young
09/16-12:28: URL Open Exception!
09/16-12:28: Feed Parse Exception!
09/16-14:02 : You have 7 new emails! Last:  6
vfdOut: sending: Subj: Flash Sale! 12-Hour Flash Sale!
vfdOut: sending: Subj: Google Alert - patio set site:raleigh.craigslist.org
vfdOut: sending: Subj: All-Inclusive Caribbean | Smoky Mountains | London | Rome & Paris | Savannah, GA
vfdOut: sending: Subj: Gloria Steinbeiser Kraus wants to be friends on Facebook
vfdOut: sending: Subj: Match.com Membership
vfdOut: sending: Subj: Bob, please add me to your LinkedIn network
vfdOut: sending: Subj: Congratulate Brian Young
09/16-14:44: URL Open Exception!
09/16-14:44: Feed Parse Exception!
09/16-21:05 : You have 8 new emails! Last:  7
vfdOut: sending: Subj: Fwd: Thanks
vfdOut: sending: Subj: Bob, please add me to your LinkedIn network
vfdOut: sending: Subj: Encouragement for Pilgrims
vfdOut: sending: Subj: Flash Sale! 12-Hour Flash Sale!
vfdOut: sending: Subj: All-Inclusive Caribbean | Smoky Mountains | London | Rome & Paris | Savannah, GA
vfdOut: sending: Subj: Gloria Steinbeiser Kraus wants to be friends on Facebook
vfdOut: sending: Subj: Match.com Membership
vfdOut: sending: Subj: Congratulate Brian Young
09/17-04:45: URL Open Exception!
09/17-04:45: Feed Parse Exception!
09/17-09:22 : You have 1 new emails! Last:  0
vfdOut: sending: Subj: Pizza and Italian Food
09/17-09:36 : You have 2 new emails! Last:  1
vfdOut: sending: Subj: Bob, go behind the scenes with 60+ LinkedIn Influencers
vfdOut: sending: Subj: Pizza and Italian Food
09/17-11:26 : You have 3 new emails! Last:  2
vfdOut: sending: Subj: Thank you for your DX order and payment.
vfdOut: sending: Subj: Bob, go behind the scenes with 60+ LinkedIn Influencers
vfdOut: sending: Subj: Pizza and Italian Food
09/17-13:55: URL Open Exception!
09/17-13:55: Feed Parse Exception!
09/17-18:04 : You have 1 new emails! Last:  0
vfdOut: sending: Subj: Go the distance this month and earn an awesome reward Bob...
09/17-19:10 : You have 2 new emails! Last:  1
vfdOut: sending: Subj: Are we eating dinner tonight?
vfdOut: sending: Subj: Go the distance this month and earn an awesome reward Bob...
09/17-20:35: URL Open Exception!
09/17-20:35: Feed Parse Exception!
09/18-03:27 : You have 1 new emails! Last:  0
vfdOut: sending: Subj: Say happy birthday to Myra Rice
09/18-05:21 : You have 2 new emails! Last:  1
vfdOut: sending: Subj: Top suggested Google+ Pages for you
vfdOut: sending: Subj: Say happy birthday to Myra Rice
09/18-05:43 : You have 3 new emails! Last:  2
vfdOut: sending: Subj: Bob, since you're following EMC, check out these top companies on LinkedIn
vfdOut: sending: Subj: Top suggested Google+ Pages for you
vfdOut: sending: Subj: Say happy birthday to Myra Rice
09/18-06:05 : You have 4 new emails! Last:  3
vfdOut: sending: Subj: AWS re:Invent  New Speakers and Sessions Added
vfdOut: sending: Subj: Bob, since you're following EMC, check out these top companies on LinkedIn
vfdOut: sending: Subj: Top suggested Google+ Pages for you
vfdOut: sending: Subj: Say happy birthday to Myra Rice
09/18-08:26: URL Open Exception!
09/18-08:26: Feed Parse Exception!
09/18-08:42 : You have 5 new emails! Last:  4
vfdOut: sending: Subj: Habitat Volunteers Desperately Needed This Saturday September 20, 2014
vfdOut: sending: Subj: AWS re:Invent  New Speakers and Sessions Added
vfdOut: sending: Subj: Bob, since you're following EMC, check out these top companies on LinkedIn
vfdOut: sending: Subj: Top suggested Google+ Pages for you
vfdOut: sending: Subj: Say happy birthday to Myra Rice
09/18-09:29 : You have 6 new emails! Last:  5
vfdOut: sending: Subj: Shipping details of your DX order.
vfdOut: sending: Subj: Stock-Car Racing Experiences
vfdOut: sending: Subj: AWS re:Invent  New Speakers and Sessions Added
vfdOut: sending: Subj: Bob, since you're following EMC, check out these top companies on LinkedIn
vfdOut: sending: Subj: Top suggested Google+ Pages for you
vfdOut: sending: Subj: Say happy birthday to Myra Rice
09/18-11:23 : You have 7 new emails! Last:  6
vfdOut: sending: Subj: Estate Sales Near Raleigh, NC
vfdOut: sending: Subj: , There are new jobs near you ()
vfdOut: sending: Subj: Stock-Car Racing Experiences
vfdOut: sending: Subj: AWS re:Invent  New Speakers and Sessions Added
vfdOut: sending: Subj: Bob, since you're following EMC, check out these top companies on LinkedIn
vfdOut: sending: Subj: Top suggested Google+ Pages for you
vfdOut: sending: Subj: Say happy birthday to Myra Rice
09/18-12:35 : You have 8 new emails! Last:  7
vfdOut: sending: Subj: Urgent System Engineer in Morrisville, NC
vfdOut: sending: Subj: Fall Favorites with Saks Fifth Avenue OFF 5TH
vfdOut: sending: Subj: , There are new jobs near you ()
vfdOut: sending: Subj: Stock-Car Racing Experiences
vfdOut: sending: Subj: AWS re:Invent  New Speakers and Sessions Added
vfdOut: sending: Subj: Bob, since you're following EMC, check out these top companies on LinkedIn
vfdOut: sending: Subj: Top suggested Google+ Pages for you
vfdOut: sending: Subj: Say happy birthday to Myra Rice
09/18-14:01 : You have 9 new emails! Last:  8
vfdOut: sending: Subj: Bob, people are looking at your LinkedIn profile
vfdOut: sending: Subj: Urgent System Engineer in Morrisville, NC
vfdOut: sending: Subj: Fall Favorites with Saks Fifth Avenue OFF 5TH
vfdOut: sending: Subj: , There are new jobs near you ()
vfdOut: sending: Subj: Stock-Car Racing Experiences
vfdOut: sending: Subj: AWS re:Invent  New Speakers and Sessions Added
vfdOut: sending: Subj: Bob, since you're following EMC, check out these top companies on LinkedIn
vfdOut: sending: Subj: Top suggested Google+ Pages for you
vfdOut: sending: Subj: Say happy birthday to Myra Rice
09/18-20:58 : You have 1 new emails! Last:  0
vfdOut: sending: Subj: Falls Lake Workday - September 27, 2014
09/18-21:02 : You have 2 new emails! Last:  1
vfdOut: sending: Subj: 50% Sale Going on Now | Plus Save Even More With 20 Super Coupons
vfdOut: sending: Subj: Falls Lake Workday - September 27, 2014
09/18-21:31 : You have 1 new emails! Last:  0
vfdOut: sending: Subj: Diane Steinbeiser commented on your photo.
09/19-00:24 : You have 2 new emails! Last:  1
vfdOut: sending: Subj: Barb Steinbeiser Diehl shared a video: "Becky, don't let this happen to Gracie..."
vfdOut: sending: Subj: Diane Steinbeiser commented on your photo.
09/19-07:41 : You have 3 new emails! Last:  2
vfdOut: sending: Subj: Barb Steinbeiser Diehl shared a photo: "Another truism."
vfdOut: sending: Subj: Barb Steinbeiser Diehl shared a video: "Becky, don't let this happen to Gracie..."
vfdOut: sending: Subj: Diane Steinbeiser commented on your photo.
09/19-09:23 : You have 1 new emails! Last:  0
vfdOut: sending: Subj: Cold Stone Creamery Treats
09/19-10:23 : You have 1 new emails! Last:  0
vfdOut: sending: Subj: EM sub for October 5
09/19-11:05 : You have 1 new emails! Last:  0
vfdOut: sending: Subj: Habitat Apostle's Build crew for Sat Sept 20
09/19-11:23 : You have 2 new emails! Last:  1
vfdOut: sending: Subj: The Intel Edison is in stock! Plus more great new products from SparkFun.
vfdOut: sending: Subj: Habitat Apostle's Build crew for Sat Sept 20
09/19-11:42 : You have 3 new emails! Last:  2
vfdOut: sending: Subj: Patricia Steinbeiser death date
vfdOut: sending: Subj: The Intel Edison is in stock! Plus more great new products from SparkFun.
vfdOut: sending: Subj: Habitat Apostle's Build crew for Sat Sept 20
09/19-11:46 : You have 4 new emails! Last:  3
vfdOut: sending: Subj: Estate Sales Near Raleigh, NC
vfdOut: sending: Subj: Patricia Steinbeiser death date
vfdOut: sending: Subj: The Intel Edison is in stock! Plus more great new products from SparkFun.
vfdOut: sending: Subj: Habitat Apostle's Build crew for Sat Sept 20
09/19-12:09 : You have 5 new emails! Last:  4
vfdOut: sending: Subj: Our Best-Selling Deals & Destinations
vfdOut: sending: Subj: Estate Sales Near Raleigh, NC
vfdOut: sending: Subj: Patricia Steinbeiser death date
vfdOut: sending: Subj: The Intel Edison is in stock! Plus more great new products from SparkFun.
vfdOut: sending: Subj: Habitat Apostle's Build crew for Sat Sept 20
09/19-12:42 : You have 6 new emails! Last:  5
vfdOut: sending: Subj: Re: Volunteer Hub Question
vfdOut: sending: Subj: Our Best-Selling Deals & Destinations
vfdOut: sending: Subj: Estate Sales Near Raleigh, NC
vfdOut: sending: Subj: Patricia Steinbeiser death date
vfdOut: sending: Subj: The Intel Edison is in stock! Plus more great new products from SparkFun.
vfdOut: sending: Subj: Habitat Apostle's Build crew for Sat Sept 20
09/19-13:05 : You have 7 new emails! Last:  6
vfdOut: sending: Subj: We miss you!
vfdOut: sending: Subj: Re: Volunteer Hub Question
vfdOut: sending: Subj: Our Best-Selling Deals & Destinations
vfdOut: sending: Subj: Estate Sales Near Raleigh, NC
vfdOut: sending: Subj: Patricia Steinbeiser death date
vfdOut: sending: Subj: The Intel Edison is in stock! Plus more great new products from SparkFun.
vfdOut: sending: Subj: Habitat Apostle's Build crew for Sat Sept 20
09/19-13:30 : You have 8 new emails! Last:  7
vfdOut: sending: Subj: Bob, please add me to your LinkedIn network
vfdOut: sending: Subj: We miss you!
vfdOut: sending: Subj: Re: Volunteer Hub Question
vfdOut: sending: Subj: Our Best-Selling Deals & Destinations
vfdOut: sending: Subj: Estate Sales Near Raleigh, NC
vfdOut: sending: Subj: Patricia Steinbeiser death date
vfdOut: sending: Subj: The Intel Edison is in stock! Plus more great new products from SparkFun.
vfdOut: sending: Subj: Habitat Apostle's Build crew for Sat Sept 20
09/19-13:44 : You have 9 new emails! Last:  8
vfdOut: sending: Subj: An Update to Our Terms of Use
vfdOut: sending: Subj: Bob, please add me to your LinkedIn network
vfdOut: sending: Subj: We miss you!
vfdOut: sending: Subj: Re: Volunteer Hub Question
vfdOut: sending: Subj: Our Best-Selling Deals & Destinations
vfdOut: sending: Subj: Estate Sales Near Raleigh, NC
vfdOut: sending: Subj: Patricia Steinbeiser death date
vfdOut: sending: Subj: The Intel Edison is in stock! Plus more great new products from SparkFun.
vfdOut: sending: Subj: Habitat Apostle's Build crew for Sat Sept 20
09/19-13:58 : You have 10 new emails! Last:  9
vfdOut: sending: Subj: Your Chance to Save Up to 30% Extra Begins Now!
vfdOut: sending: Subj: An Update to Our Terms of Use
vfdOut: sending: Subj: Bob, please add me to your LinkedIn network
vfdOut: sending: Subj: We miss you!
vfdOut: sending: Subj: Re: Volunteer Hub Question
vfdOut: sending: Subj: Our Best-Selling Deals & Destinations
vfdOut: sending: Subj: Estate Sales Near Raleigh, NC
vfdOut: sending: Subj: Patricia Steinbeiser death date
vfdOut: sending: Subj: The Intel Edison is in stock! Plus more great new products from SparkFun.
vfdOut: sending: Subj: Habitat Apostle's Build crew for Sat Sept 20
09/19-14:00 : You have 11 new emails! Last:  10
vfdOut: sending: Subj: Google Alert - patio set site:raleigh.craigslist.org
vfdOut: sending: Subj: Your Chance to Save Up to 30% Extra Begins Now!
vfdOut: sending: Subj: An Update to Our Terms of Use
vfdOut: sending: Subj: Bob, please add me to your LinkedIn network
vfdOut: sending: Subj: We miss you!
vfdOut: sending: Subj: Re: Volunteer Hub Question
vfdOut: sending: Subj: Our Best-Selling Deals & Destinations
vfdOut: sending: Subj: Estate Sales Near Raleigh, NC
vfdOut: sending: Subj: Patricia Steinbeiser death date
vfdOut: sending: Subj: The Intel Edison is in stock! Plus more great new products from SparkFun.
vfdOut: sending: Subj: Habitat Apostle's Build crew for Sat Sept 20
09/20-04:59 : You have 12 new emails! Last:  11
vfdOut: sending: Subj: Habitat Apostle's Build crew for Sat Sept 20
vfdOut: sending: Subj: Congratulate Philip Elcan, Michael Austin, and 8 others
vfdOut: sending: Subj: Amazon Payments: Annual Notice
vfdOut: sending: Subj: Get Schooled on Year-Round Digital Safety
vfdOut: sending: Subj: Steinbeiser Family Vacation - 2014
vfdOut: sending: Subj: WOW | 130 Piece Tool Kit Only $29.99 | Plus Bonus Super Coupons
vfdOut: sending: Subj: St. Francis Justice and Peace Update
vfdOut: sending: Subj: Your Chance to Save Up to 30% Extra Begins Now!
vfdOut: sending: Subj: Bob, please add me to your LinkedIn network
vfdOut: sending: Subj: We miss you!
vfdOut: sending: Subj: Our Best-Selling Deals & Destinations
vfdOut: sending: Subj: The Intel Edison is in stock! Plus more great new products from SparkFun.
09/20-06:38 : You have 13 new emails! Last:  12
vfdOut: sending: Subj: This email has the document...you dont have to open the other Voya/ING ones
vfdOut: sending: Subj: Habitat Apostle's Build crew for Sat Sept 20
vfdOut: sending: Subj: Congratulate Philip Elcan, Michael Austin, and 8 others
vfdOut: sending: Subj: Amazon Payments: Annual Notice
vfdOut: sending: Subj: Get Schooled on Year-Round Digital Safety
vfdOut: sending: Subj: Steinbeiser Family Vacation - 2014
vfdOut: sending: Subj: WOW | 130 Piece Tool Kit Only $29.99 | Plus Bonus Super Coupons
vfdOut: sending: Subj: St. Francis Justice and Peace Update
vfdOut: sending: Subj: Your Chance to Save Up to 30% Extra Begins Now!
vfdOut: sending: Subj: Bob, please add me to your LinkedIn network
vfdOut: sending: Subj: We miss you!
vfdOut: sending: Subj: Our Best-Selling Deals & Destinations
vfdOut: sending: Subj: The Intel Edison is in stock! Plus more great new products from SparkFun.
09/20-08:00 : You have 14 new emails! Last:  13
vfdOut: sending: Subj: EM Sub - Thank you
vfdOut: sending: Subj: This email has the document...you dont have to open the other Voya/ING ones
vfdOut: sending: Subj: Habitat Apostle's Build crew for Sat Sept 20
vfdOut: sending: Subj: Congratulate Philip Elcan, Michael Austin, and 8 others
vfdOut: sending: Subj: Amazon Payments: Annual Notice
vfdOut: sending: Subj: Get Schooled on Year-Round Digital Safety
vfdOut: sending: Subj: Steinbeiser Family Vacation - 2014
vfdOut: sending: Subj: WOW | 130 Piece Tool Kit Only $29.99 | Plus Bonus Super Coupons
vfdOut: sending: Subj: St. Francis Justice and Peace Update
vfdOut: sending: Subj: Your Chance to Save Up to 30% Extra Begins Now!
vfdOut: sending: Subj: Bob, please add me to your LinkedIn network
vfdOut: sending: Subj: We miss you!
vfdOut: sending: Subj: Our Best-Selling Deals & Destinations
vfdOut: sending: Subj: The Intel Edison is in stock! Plus more great new products from SparkFun.
09/20-09:18 : You have 15 new emails! Last:  14
vfdOut: sending: Subj: Last Day! Up to an Extra 30% Off
vfdOut: sending: Subj: EM Sub - Thank you
vfdOut: sending: Subj: This email has the document...you dont have to open the other Voya/ING ones
vfdOut: sending: Subj: Habitat Apostle's Build crew for Sat Sept 20
vfdOut: sending: Subj: Congratulate Philip Elcan, Michael Austin, and 8 others
vfdOut: sending: Subj: Amazon Payments: Annual Notice
vfdOut: sending: Subj: Get Schooled on Year-Round Digital Safety
vfdOut: sending: Subj: Steinbeiser Family Vacation - 2014
vfdOut: sending: Subj: WOW | 130 Piece Tool Kit Only $29.99 | Plus Bonus Super Coupons
vfdOut: sending: Subj: St. Francis Justice and Peace Update
vfdOut: sending: Subj: Your Chance to Save Up to 30% Extra Begins Now!
vfdOut: sending: Subj: Bob, please add me to your LinkedIn network
vfdOut: sending: Subj: We miss you!
vfdOut: sending: Subj: Our Best-Selling Deals & Destinations
vfdOut: sending: Subj: The Intel Edison is in stock! Plus more great new products from SparkFun.
09/20-13:42 : You have 16 new emails! Last:  15
vfdOut: sending: Subj: The Deals We Cant Get Enough Of
vfdOut: sending: Subj: Last Day! Up to an Extra 30% Off
vfdOut: sending: Subj: EM Sub - Thank you
vfdOut: sending: Subj: This email has the document...you dont have to open the other Voya/ING ones
vfdOut: sending: Subj: Habitat Apostle's Build crew for Sat Sept 20
vfdOut: sending: Subj: Congratulate Philip Elcan, Michael Austin, and 8 others
vfdOut: sending: Subj: Amazon Payments: Annual Notice
vfdOut: sending: Subj: Get Schooled on Year-Round Digital Safety
vfdOut: sending: Subj: Steinbeiser Family Vacation - 2014
vfdOut: sending: Subj: WOW | 130 Piece Tool Kit Only $29.99 | Plus Bonus Super Coupons
vfdOut: sending: Subj: St. Francis Justice and Peace Update
vfdOut: sending: Subj: Your Chance to Save Up to 30% Extra Begins Now!
vfdOut: sending: Subj: Bob, please add me to your LinkedIn network
vfdOut: sending: Subj: We miss you!
vfdOut: sending: Subj: Our Best-Selling Deals & Destinations
vfdOut: sending: Subj: The Intel Edison is in stock! Plus more great new products from SparkFun.
09/20-13:57 : You have 17 new emails! Last:  16
vfdOut: sending: Subj: Deanna Sands Maasbach wants to be friends on Facebook
vfdOut: sending: Subj: The Deals We Cant Get Enough Of
vfdOut: sending: Subj: Last Day! Up to an Extra 30% Off
vfdOut: sending: Subj: EM Sub - Thank you
vfdOut: sending: Subj: This email has the document...you dont have to open the other Voya/ING ones
vfdOut: sending: Subj: Habitat Apostle's Build crew for Sat Sept 20
vfdOut: sending: Subj: Congratulate Philip Elcan, Michael Austin, and 8 others
vfdOut: sending: Subj: Amazon Payments: Annual Notice
vfdOut: sending: Subj: Get Schooled on Year-Round Digital Safety
vfdOut: sending: Subj: Steinbeiser Family Vacation - 2014
vfdOut: sending: Subj: WOW | 130 Piece Tool Kit Only $29.99 | Plus Bonus Super Coupons
vfdOut: sending: Subj: St. Francis Justice and Peace Update
vfdOut: sending: Subj: Your Chance to Save Up to 30% Extra Begins Now!
vfdOut: sending: Subj: Bob, please add me to your LinkedIn network
vfdOut: sending: Subj: We miss you!
vfdOut: sending: Subj: Our Best-Selling Deals & Destinations
vfdOut: sending: Subj: The Intel Edison is in stock! Plus more great new products from SparkFun.
09/20-16:00 : You have 18 new emails! Last:  17
vfdOut: sending: Subj: Pope Francis House
vfdOut: sending: Subj: Deanna Sands Maasbach wants to be friends on Facebook
vfdOut: sending: Subj: The Deals We Cant Get Enough Of
vfdOut: sending: Subj: Last Day! Up to an Extra 30% Off
vfdOut: sending: Subj: EM Sub - Thank you
vfdOut: sending: Subj: This email has the document...you dont have to open the other Voya/ING ones
vfdOut: sending: Subj: Habitat Apostle's Build crew for Sat Sept 20
vfdOut: sending: Subj: Congratulate Philip Elcan, Michael Austin, and 8 others
vfdOut: sending: Subj: Amazon Payments: Annual Notice
vfdOut: sending: Subj: Get Schooled on Year-Round Digital Safety
vfdOut: sending: Subj: Steinbeiser Family Vacation - 2014
vfdOut: sending: Subj: WOW | 130 Piece Tool Kit Only $29.99 | Plus Bonus Super Coupons
vfdOut: sending: Subj: St. Francis Justice and Peace Update
vfdOut: sending: Subj: Your Chance to Save Up to 30% Extra Begins Now!
vfdOut: sending: Subj: Bob, please add me to your LinkedIn network
vfdOut: sending: Subj: We miss you!
vfdOut: sending: Subj: Our Best-Selling Deals & Destinations
vfdOut: sending: Subj: The Intel Edison is in stock! Plus more great new products from SparkFun.
09/20-16:38 : You have 19 new emails! Last:  18
vfdOut: sending: Subj: Notice to Our Customers from The Home Depot
vfdOut: sending: Subj: Pope Francis House
vfdOut: sending: Subj: Deanna Sands Maasbach wants to be friends on Facebook
vfdOut: sending: Subj: The Deals We Cant Get Enough Of
vfdOut: sending: Subj: Last Day! Up to an Extra 30% Off
vfdOut: sending: Subj: EM Sub - Thank you
vfdOut: sending: Subj: This email has the document...you dont have to open the other Voya/ING ones
vfdOut: sending: Subj: Habitat Apostle's Build crew for Sat Sept 20
vfdOut: sending: Subj: Congratulate Philip Elcan, Michael Austin, and 8 others
vfdOut: sending: Subj: Amazon Payments: Annual Notice
vfdOut: sending: Subj: Get Schooled on Year-Round Digital Safety
vfdOut: sending: Subj: Steinbeiser Family Vacation - 2014
vfdOut: sending: Subj: WOW | 130 Piece Tool Kit Only $29.99 | Plus Bonus Super Coupons
vfdOut: sending: Subj: St. Francis Justice and Peace Update
vfdOut: sending: Subj: Your Chance to Save Up to 30% Extra Begins Now!
vfdOut: sending: Subj: Bob, please add me to your LinkedIn network
vfdOut: sending: Subj: We miss you!
vfdOut: sending: Subj: Our Best-Selling Deals & Destinations
vfdOut: sending: Subj: The Intel Edison is in stock! Plus more great new products from SparkFun.
09/20-19:59 : You have 20 new emails! Last:  19
vfdOut: sending: Subj: Colleen invited you to W.A.M. 2014 Walk A Mile In Her Shoes on Facebook
vfdOut: sending: Subj: Notice to Our Customers from The Home Depot
vfdOut: sending: Subj: Pope Francis House
vfdOut: sending: Subj: Deanna Sands Maasbach wants to be friends on Facebook
vfdOut: sending: Subj: The Deals We Cant Get Enough Of
vfdOut: sending: Subj: Last Day! Up to an Extra 30% Off
vfdOut: sending: Subj: EM Sub - Thank you
vfdOut: sending: Subj: This email has the document...you dont have to open the other Voya/ING ones
vfdOut: sending: Subj: Habitat Apostle's Build crew for Sat Sept 20
vfdOut: sending: Subj: Congratulate Philip Elcan, Michael Austin, and 8 others
vfdOut: sending: Subj: Amazon Payments: Annual Notice
vfdOut: sending: Subj: Get Schooled on Year-Round Digital Safety
vfdOut: sending: Subj: Steinbeiser Family Vacation - 2014
vfdOut: sending: Subj: WOW | 130 Piece Tool Kit Only $29.99 | Plus Bonus Super Coupons
vfdOut: sending: Subj: St. Francis Justice and Peace Update
vfdOut: sending: Subj: Your Chance to Save Up to 30% Extra Begins Now!
vfdOut: sending: Subj: Bob, please add me to your LinkedIn network
vfdOut: sending: Subj: We miss you!
vfdOut: sending: Subj: Our Best-Selling Deals & Destinations
vfdOut: sending: Subj: The Intel Edison is in stock! Plus more great new products from SparkFun.
09/20-22:22 : You have 1 new emails! Last:  0
vfdOut: sending: Subj: Nancy Adams Brubaker wants to be friends on Facebook
09/21-07:01 : You have 2 new emails! Last:  1
vfdOut: sending: Subj: 5 new photos ready to share
vfdOut: sending: Subj: Nancy Adams Brubaker wants to be friends on Facebook
09/21-08:39 : You have 3 new emails! Last:  2
vfdOut: sending: Subj: (steinbeiser's,Haines's,Ennist's700) schoharie story
vfdOut: sending: Subj: 5 new photos ready to share
vfdOut: sending: Subj: Nancy Adams Brubaker wants to be friends on Facebook
09/21-09:18 : You have 4 new emails! Last:  3
vfdOut: sending: Subj: Indoor Play Center
vfdOut: sending: Subj: (steinbeiser's,Haines's,Ennist's700) schoharie story
vfdOut: sending: Subj: 5 new photos ready to share
vfdOut: sending: Subj: Nancy Adams Brubaker wants to be friends on Facebook
09/21-12:02 : You have 5 new emails! Last:  4
vfdOut: sending: Subj: Re: (steinbeiser's,Haines's,Ennist's702) schoharie story
vfdOut: sending: Subj: Re: (steinbeiser's,Haines's,Ennist's701) schoharie story
vfdOut: sending: Subj: Indoor Play Center
vfdOut: sending: Subj: 5 new photos ready to share
vfdOut: sending: Subj: Nancy Adams Brubaker wants to be friends on Facebook
09/22-01:34 : You have 1 new emails! Last:  0
vfdOut: sending: Subj: Stephen J. Steinbeiser's invitation is waiting for your response
09/22-02:19 : You have 2 new emails! Last:  1
vfdOut: sending: Subj: Weekly digest for September 21, 2014
vfdOut: sending: Subj: Stephen J. Steinbeiser's invitation is waiting for your response
09/22-06:15 : You have 3 new emails! Last:  2
vfdOut: sending: Subj: Bob: NetApp, American Red Cross and Nuvotronics, LLC are looking for candidates like you.
vfdOut: sending: Subj: Weekly digest for September 21, 2014
vfdOut: sending: Subj: Stephen J. Steinbeiser's invitation is waiting for your response
09/22-08:13 : You have 1 new emails! Last:  0
vfdOut: sending: Subj: Mark W. Kopp shared a video: "Altoona Train Wreck": "Really cool drone footage of the..."
09/22-08:19: URL Open Exception!
09/22-08:19: Feed Parse Exception!
09/22-08:22 : You have 1 new emails! Last:  0
vfdOut: sending: Subj: Re: (steinbeiser's,Haines's,Ennist's705) schoharie story
09/22-08:56 : You have 2 new emails! Last:  1
vfdOut: sending: Subj: Habitat Volunteers Desperately Needed This Saturday September 20, 2014
vfdOut: sending: Subj: Re: (steinbeiser's,Haines's,Ennist's705) schoharie story
09/22-09:15 : You have 1 new emails! Last:  0
vfdOut: sending: Subj: got game?
09/22-09:45 : You have 1 new emails! Last:  0
vfdOut: sending: Subj: VMware Online IT Certification
09/22-10:42 : You have 2 new emails! Last:  1
vfdOut: sending: Subj: Fourth Quarter Schedule
vfdOut: sending: Subj: VMware Online IT Certification
09/22-10:58 : You have 3 new emails! Last:  2
vfdOut: sending: Subj: Doner.....
vfdOut: sending: Subj: Fourth Quarter Schedule
vfdOut: sending: Subj: VMware Online IT Certification
09/22-12:29 : You have 4 new emails! Last:  3
vfdOut: sending: Subj: Front End Automation Test Specialist-Contract Position with Financial Client in North Carolina
vfdOut: sending: Subj: Doner.....
vfdOut: sending: Subj: Fourth Quarter Schedule
vfdOut: sending: Subj: VMware Online IT Certification
09/22-13:06 : You have 5 new emails! Last:  4
vfdOut: sending: Subj: OMG!!!
vfdOut: sending: Subj: Front End Automation Test Specialist-Contract Position with Financial Client in North Carolina
vfdOut: sending: Subj: Doner.....
vfdOut: sending: Subj: Fourth Quarter Schedule
vfdOut: sending: Subj: VMware Online IT Certification
09/22-14:01 : You have 1 new emails! Last:  0
vfdOut: sending: Subj: Google Alert - patio set site:raleigh.craigslist.org
09/22-14:02 : You have 2 new emails! Last:  1
vfdOut: sending: Subj: Bob, people are looking at your LinkedIn profile
vfdOut: sending: Subj: Google Alert - patio set site:raleigh.craigslist.org
09/22-15:16 : You have 3 new emails! Last:  2
vfdOut: sending: Subj: Thanks!
vfdOut: sending: Subj: Deb Pettit updated her status: "Our drive in to Chicago to deliver..."
vfdOut: sending: Subj: Bob, people are looking at your LinkedIn profile
Setup LED an buzzer outputs
Traceback (most recent call last):
  File "raspi_gmail.py", line 43, in <module>
    vfdPort = serial.Serial("/dev/ttyUSB0", 19200, timeout=0.5)
  File "/usr/lib/python2.7/dist-packages/serial/serialutil.py", line 260, in __init__
    self.open()
  File "/usr/lib/python2.7/dist-packages/serial/serialposix.py", line 276, in open
    raise SerialException("could not open port %s: %s" % (self._port, msg))
serial.serialutil.SerialException: could not open port /dev/ttyUSB0: [Errno 2] No such file or directory: '/dev/ttyUSB0'
Setup LED an buzzer outputs
Traceback (most recent call last):
  File "raspi_gmail.py", line 43, in <module>
    vfdPort = serial.Serial("/dev/ttyUSB0", 19200, timeout=0.5)
  File "/usr/lib/python2.7/dist-packages/serial/serialutil.py", line 260, in __init__
    self.open()
  File "/usr/lib/python2.7/dist-packages/serial/serialposix.py", line 276, in open
    raise SerialException("could not open port %s: %s" % (self._port, msg))
serial.serialutil.SerialException: could not open port /dev/ttyUSB0: [Errno 2] No such file or directory: '/dev/ttyUSB0'
Setup LED an buzzer outputs
Traceback (most recent call last):
  File "raspi_gmail.py", line 43, in <module>
    vfdPort = serial.Serial("/dev/ttyUSB0", 19200, timeout=0.5)
  File "/usr/lib/python2.7/dist-packages/serial/serialutil.py", line 260, in __init__
    self.open()
  File "/usr/lib/python2.7/dist-packages/serial/serialposix.py", line 276, in open
    raise SerialException("could not open port %s: %s" % (self._port, msg))
serial.serialutil.SerialException: could not open port /dev/ttyUSB0: [Errno 2] No such file or directory: '/dev/ttyUSB0'
python: can't open file 'Check-gmail.py': [Errno 2] No such file or directory
Setup LED an buzzer outputs
Port name: /dev/ttyUSB0
Starting at:  2014-10-13 15:16:09
10/13-15:16 : You have 3 new emails! Last:  0
vfdOut: sending: Subj: House tour
vfdOut: sending: Subj: Lo and BeholdTop Deals for You
vfdOut: sending: Subj: Mark W. Kopp updated his status: "Who is the local Cadillac dealer? Mom..."
10/13-16:09 : You have 4 new emails! Last:  3
vfdOut: sending: Subj: Mexican Cuisine
vfdOut: sending: Subj: SMS from (910) 777-1261
vfdOut: sending: Subj: Lo and BeholdTop Deals for You
vfdOut: sending: Subj: Mark W. Kopp updated his status: "Who is the local Cadillac dealer? Mom..."
10/13-17:26: URL Open Exception!
10/13-17:26: Feed Parse Exception!
10/13-18:22 : You have 5 new emails! Last:  4
vfdOut: sending: Subj: Still Interested in That Deal?
vfdOut: sending: Subj: Fwd: Habitat for Humanity of Wake County: Event Registration Complete
vfdOut: sending: Subj: Mexican Cuisine
vfdOut: sending: Subj: Lo and BeholdTop Deals for You
vfdOut: sending: Subj: Mark W. Kopp updated his status: "Who is the local Cadillac dealer? Mom..."
Setup LED an buzzer outputs
Port name: /dev/ttyUSB0
Starting at:  2014-11-01 15:03:23
11/01-15:03 : You have 28 new emails! Last:  0
vfdOut: sending: Subj: alert: china cabinet
vfdOut: sending: Subj: Google Alert - patio set site:raleigh.craigslist.org
vfdOut: sending: Subj: Top Deals? Yeah, We Got Em
vfdOut: sending: Subj: Apostle's Build Newsletter - ISSUE 5
vfdOut: sending: Subj: EM Sub for 11/2 @ 9:30
vfdOut: sending: Subj: SMS from James Kimzey [(919) 815-0705]
vfdOut: sending: Subj: Last Day! Up to an Extra 30% Off
vfdOut: sending: Subj: Mark W. Kopp added a new photo to the album Mobile Uploads
vfdOut: sending: Subj: Andy Steinbeiser added a new photo to the album iOS Photos
vfdOut: sending: Subj: Mark W. Kopp added a new photo to the album Timeline Photos
vfdOut: sending: Subj: Your November Super Coupons are Here | 62 Super Coupons | Save up to 75%
vfdOut: sending: Subj: Get Top-Rated Winter Power for Less
vfdOut: sending: Subj: A new AngieCash offer, just for you!
vfdOut: sending: Subj: Hoteloween Deals
vfdOut: sending: Subj: Updating Your Home's Interior? Count on The Home Depot.
vfdOut: sending: Subj: Estate Sales Near Raleigh, NC
vfdOut: sending: Subj: Mexican Cuisine
vfdOut: sending: Subj: Get an unlimited-data SIM card for your cellular projects - while supplies last!
vfdOut: sending: Subj: Only One Day Left | Your Free Gift Coupons Expire Friday, 10/31!
vfdOut: sending: Subj: Ready to enhance your health? Presenting RunKeeper & Microsoft Band!
11/01-16:38 : You have 29 new emails! Last:  28
vfdOut: sending: Subj: Test message
vfdOut: sending: Subj: alert: china cabinet
vfdOut: sending: Subj: Google Alert - patio set site:raleigh.craigslist.org
vfdOut: sending: Subj: Top Deals? Yeah, We Got Em
vfdOut: sending: Subj: Apostle's Build Newsletter - ISSUE 5
vfdOut: sending: Subj: EM Sub for 11/2 @ 9:30
vfdOut: sending: Subj: SMS from James Kimzey [(919) 815-0705]
vfdOut: sending: Subj: Last Day! Up to an Extra 30% Off
vfdOut: sending: Subj: Mark W. Kopp added a new photo to the album Mobile Uploads
vfdOut: sending: Subj: Andy Steinbeiser added a new photo to the album iOS Photos
vfdOut: sending: Subj: Mark W. Kopp added a new photo to the album Timeline Photos
vfdOut: sending: Subj: Your November Super Coupons are Here | 62 Super Coupons | Save up to 75%
vfdOut: sending: Subj: Get Top-Rated Winter Power for Less
vfdOut: sending: Subj: A new AngieCash offer, just for you!
vfdOut: sending: Subj: Hoteloween Deals
vfdOut: sending: Subj: Updating Your Home's Interior? Count on The Home Depot.
vfdOut: sending: Subj: Estate Sales Near Raleigh, NC
vfdOut: sending: Subj: Mexican Cuisine
vfdOut: sending: Subj: Get an unlimited-data SIM card for your cellular projects - while supplies last!
vfdOut: sending: Subj: Only One Day Left | Your Free Gift Coupons Expire Friday, 10/31!
11/01-16:52 : You have 30 new emails! Last:  29
vfdOut: sending: Subj: move out plans
vfdOut: sending: Subj: Test message
vfdOut: sending: Subj: alert: china cabinet
vfdOut: sending: Subj: Google Alert - patio set site:raleigh.craigslist.org
vfdOut: sending: Subj: Top Deals? Yeah, We Got Em
vfdOut: sending: Subj: Apostle's Build Newsletter - ISSUE 5
vfdOut: sending: Subj: EM Sub for 11/2 @ 9:30
vfdOut: sending: Subj: SMS from James Kimzey [(919) 815-0705]
vfdOut: sending: Subj: Last Day! Up to an Extra 30% Off
vfdOut: sending: Subj: Mark W. Kopp added a new photo to the album Mobile Uploads
vfdOut: sending: Subj: Andy Steinbeiser added a new photo to the album iOS Photos
vfdOut: sending: Subj: Mark W. Kopp added a new photo to the album Timeline Photos
vfdOut: sending: Subj: Your November Super Coupons are Here | 62 Super Coupons | Save up to 75%
vfdOut: sending: Subj: Get Top-Rated Winter Power for Less
vfdOut: sending: Subj: A new AngieCash offer, just for you!
vfdOut: sending: Subj: Hoteloween Deals
vfdOut: sending: Subj: Updating Your Home's Interior? Count on The Home Depot.
vfdOut: sending: Subj: Estate Sales Near Raleigh, NC
vfdOut: sending: Subj: Mexican Cuisine
vfdOut: sending: Subj: Get an unlimited-data SIM card for your cellular projects - while supplies last!
11/01-17:51 : You have 31 new emails! Last:  30
vfdOut: sending: Subj: SMS from Andy Steinbeiser [(207) 619-2634]
vfdOut: sending: Subj: move out plans
vfdOut: sending: Subj: Test message
vfdOut: sending: Subj: alert: china cabinet
vfdOut: sending: Subj: Google Alert - patio set site:raleigh.craigslist.org
vfdOut: sending: Subj: Top Deals? Yeah, We Got Em
vfdOut: sending: Subj: Apostle's Build Newsletter - ISSUE 5
vfdOut: sending: Subj: EM Sub for 11/2 @ 9:30
vfdOut: sending: Subj: SMS from James Kimzey [(919) 815-0705]
vfdOut: sending: Subj: Last Day! Up to an Extra 30% Off
vfdOut: sending: Subj: Mark W. Kopp added a new photo to the album Mobile Uploads
vfdOut: sending: Subj: Andy Steinbeiser added a new photo to the album iOS Photos
vfdOut: sending: Subj: Mark W. Kopp added a new photo to the album Timeline Photos
vfdOut: sending: Subj: Your November Super Coupons are Here | 62 Super Coupons | Save up to 75%
vfdOut: sending: Subj: Get Top-Rated Winter Power for Less
vfdOut: sending: Subj: A new AngieCash offer, just for you!
vfdOut: sending: Subj: Hoteloween Deals
vfdOut: sending: Subj: Updating Your Home's Interior? Count on The Home Depot.
vfdOut: sending: Subj: Estate Sales Near Raleigh, NC
vfdOut: sending: Subj: Mexican Cuisine
11/01-17:56 : You have 32 new emails! Last:  31
vfdOut: sending: Subj: Your monthly AngieCash Statement...
vfdOut: sending: Subj: SMS from Andy Steinbeiser [(207) 619-2634]
vfdOut: sending: Subj: move out plans
vfdOut: sending: Subj: Test message
vfdOut: sending: Subj: alert: china cabinet
vfdOut: sending: Subj: Google Alert - patio set site:raleigh.craigslist.org
vfdOut: sending: Subj: Top Deals? Yeah, We Got Em
vfdOut: sending: Subj: Apostle's Build Newsletter - ISSUE 5
vfdOut: sending: Subj: EM Sub for 11/2 @ 9:30
vfdOut: sending: Subj: SMS from James Kimzey [(919) 815-0705]
vfdOut: sending: Subj: Last Day! Up to an Extra 30% Off
vfdOut: sending: Subj: Mark W. Kopp added a new photo to the album Mobile Uploads
vfdOut: sending: Subj: Andy Steinbeiser added a new photo to the album iOS Photos
vfdOut: sending: Subj: Mark W. Kopp added a new photo to the album Timeline Photos
vfdOut: sending: Subj: Your November Super Coupons are Here | 62 Super Coupons | Save up to 75%
vfdOut: sending: Subj: Get Top-Rated Winter Power for Less
vfdOut: sending: Subj: A new AngieCash offer, just for you!
vfdOut: sending: Subj: Hoteloween Deals
vfdOut: sending: Subj: Updating Your Home's Interior? Count on The Home Depot.
vfdOut: sending: Subj: Estate Sales Near Raleigh, NC
